<?xml version="1.0" encoding="UTF-8"?>
<testng-results skipped="0" failed="0" ignored="0" total="1" passed="1">
  <reporter-output>
  </reporter-output>
  <suite name="Default suite" duration-ms="19666" started-at="2019-10-14T05:47:59Z" finished-at="2019-10-14T05:48:19Z">
    <groups>
    </groups>
    <test name="Default test" duration-ms="19666" started-at="2019-10-14T05:47:59Z" finished-at="2019-10-14T05:48:19Z">
      <class name="org.com.bank.test.LoginTest">
        <test-method status="PASS" signature="startTest()[pri:0, instance:org.com.bank.test.LoginTest@4b9e13df]" name="startTest" is-config="true" duration-ms="13603" started-at="2019-10-14T05:47:59Z" finished-at="2019-10-14T05:48:13Z">
          <reporter-output>
          </reporter-output>
        </test-method> <!-- startTest -->
        <test-method status="PASS" signature="loginSuccessTest()[pri:0, instance:org.com.bank.test.LoginTest@4b9e13df]" name="loginSuccessTest" duration-ms="5129" started-at="2019-10-14T05:48:13Z" finished-at="2019-10-14T05:48:18Z">
          <reporter-output>
          </reporter-output>
        </test-method> <!-- loginSuccessTest -->
        <test-method status="PASS" signature="tesrDown()[pri:0, instance:org.com.bank.test.LoginTest@4b9e13df]" name="tesrDown" is-config="true" duration-ms="877" started-at="2019-10-14T05:48:18Z" finished-at="2019-10-14T05:48:19Z">
          <reporter-output>
          </reporter-output>
        </test-method> <!-- tesrDown -->
      </class> <!-- org.com.bank.test.LoginTest -->
    </test> <!-- Default test -->
  </suite> <!-- Default suite -->
</testng-results>
